<?xml version="1.0" encoding="UTF-8"?>
<coverage generated="1756716197448" clover="3.2.0">
  <project timestamp="1756716197448" name="All files">
    <metrics statements="23" coveredstatements="20" conditionals="10" coveredconditionals="7" methods="11" coveredmethods="10" elements="44" coveredelements="37" complexity="0" loc="23" ncloc="23" packages="1" files="1" classes="1"/>
    <file name="server.js" path="C:\Users\user\Desktop\microservicess -based-nodejs\Microservices-in-Nodejs\APIGateway\server.js">
      <metrics statements="23" coveredstatements="20" conditionals="10" coveredconditionals="7" methods="11" coveredmethods="10"/>
      <line num="2" count="1" type="stmt"/>
      <line num="3" count="1" type="stmt"/>
      <line num="4" count="1" type="stmt"/>
      <line num="6" count="1" type="stmt"/>
      <line num="7" count="1" type="stmt"/>
      <line num="12" count="1" type="stmt"/>
      <line num="13" count="3" type="stmt"/>
      <line num="22" count="1" type="stmt"/>
      <line num="23" count="2" type="stmt"/>
      <line num="32" count="1" type="stmt"/>
      <line num="33" count="2" type="stmt"/>
      <line num="45" count="1" type="stmt"/>
      <line num="46" count="1" type="stmt"/>
      <line num="47" count="1" type="stmt"/>
      <line num="48" count="1" type="stmt"/>
      <line num="49" count="1" type="stmt"/>
      <line num="50" count="1" type="stmt"/>
      <line num="51" count="1" type="stmt"/>
      <line num="56" count="1" type="cond" truecount="1" falsecount="1"/>
      <line num="57" count="0" type="cond" truecount="0" falsecount="2"/>
      <line num="58" count="0" type="stmt"/>
      <line num="59" count="0" type="stmt"/>
      <line num="64" count="1" type="stmt"/>
    </file>
  </project>
</coverage>
