{"C:\\Users\\user\\Desktop\\microservicess -based-nodejs\\Microservices-in-Nodejs\\APIGateway\\server.js": {"path":"C:\\Users\\user\\Desktop\\microservicess -based-nodejs\\Microservices-in-Nodejs\\APIGateway\\server.js","statementMap":{"0":{"start":{"line":2,"column":16},"end":{"line":2,"column":34}},"1":{"start":{"line":3,"column":19},"end":{"line":3,"column":41}},"2":{"start":{"line":4,"column":18},"end":{"line":4,"column":47}},"3":{"start":{"line":6,"column":12},"end":{"line":6,"column":21}},"4":{"start":{"line":7,"column":0},"end":{"line":7,"column":27}},"5":{"start":{"line":12,"column":25},"end":{"line":20,"column":2}},"6":{"start":{"line":13,"column":51},"end":{"line":19,"column":3}},"7":{"start":{"line":22,"column":28},"end":{"line":30,"column":2}},"8":{"start":{"line":23,"column":51},"end":{"line":29,"column":3}},"9":{"start":{"line":32,"column":26},"end":{"line":40,"column":2}},"10":{"start":{"line":33,"column":51},"end":{"line":39,"column":3}},"11":{"start":{"line":45,"column":0},"end":{"line":45,"column":77}},"12":{"start":{"line":45,"column":49},"end":{"line":45,"column":75}},"13":{"start":{"line":46,"column":0},"end":{"line":46,"column":64}},"14":{"start":{"line":46,"column":36},"end":{"line":46,"column":62}},"15":{"start":{"line":47,"column":0},"end":{"line":47,"column":61}},"16":{"start":{"line":47,"column":33},"end":{"line":47,"column":59}},"17":{"start":{"line":48,"column":0},"end":{"line":48,"column":76}},"18":{"start":{"line":48,"column":45},"end":{"line":48,"column":74}},"19":{"start":{"line":49,"column":0},"end":{"line":49,"column":65}},"20":{"start":{"line":49,"column":34},"end":{"line":49,"column":63}},"21":{"start":{"line":50,"column":0},"end":{"line":50,"column":62}},"22":{"start":{"line":50,"column":33},"end":{"line":50,"column":60}},"23":{"start":{"line":51,"column":0},"end":{"line":51,"column":61}},"24":{"start":{"line":51,"column":32},"end":{"line":51,"column":59}},"25":{"start":{"line":56,"column":0},"end":{"line":61,"column":1}},"26":{"start":{"line":57,"column":15},"end":{"line":57,"column":39}},"27":{"start":{"line":58,"column":2},"end":{"line":60,"column":5}},"28":{"start":{"line":59,"column":4},"end":{"line":59,"column":57}},"29":{"start":{"line":64,"column":0},"end":{"line":64,"column":21}}},"fnMap":{"0":{"name":"(anonymous_0)","decl":{"start":{"line":13,"column":24},"end":{"line":13,"column":25}},"loc":{"start":{"line":13,"column":51},"end":{"line":19,"column":3}},"line":13},"1":{"name":"(anonymous_1)","decl":{"start":{"line":23,"column":24},"end":{"line":23,"column":25}},"loc":{"start":{"line":23,"column":51},"end":{"line":29,"column":3}},"line":23},"2":{"name":"(anonymous_2)","decl":{"start":{"line":33,"column":24},"end":{"line":33,"column":25}},"loc":{"start":{"line":33,"column":51},"end":{"line":39,"column":3}},"line":33},"3":{"name":"(anonymous_3)","decl":{"start":{"line":45,"column":35},"end":{"line":45,"column":36}},"loc":{"start":{"line":45,"column":49},"end":{"line":45,"column":75}},"line":45},"4":{"name":"(anonymous_4)","decl":{"start":{"line":46,"column":22},"end":{"line":46,"column":23}},"loc":{"start":{"line":46,"column":36},"end":{"line":46,"column":62}},"line":46},"5":{"name":"(anonymous_5)","decl":{"start":{"line":47,"column":19},"end":{"line":47,"column":20}},"loc":{"start":{"line":47,"column":33},"end":{"line":47,"column":59}},"line":47},"6":{"name":"(anonymous_6)","decl":{"start":{"line":48,"column":31},"end":{"line":48,"column":32}},"loc":{"start":{"line":48,"column":45},"end":{"line":48,"column":74}},"line":48},"7":{"name":"(anonymous_7)","decl":{"start":{"line":49,"column":20},"end":{"line":49,"column":21}},"loc":{"start":{"line":49,"column":34},"end":{"line":49,"column":63}},"line":49},"8":{"name":"(anonymous_8)","decl":{"start":{"line":50,"column":19},"end":{"line":50,"column":20}},"loc":{"start":{"line":50,"column":33},"end":{"line":50,"column":60}},"line":50},"9":{"name":"(anonymous_9)","decl":{"start":{"line":51,"column":18},"end":{"line":51,"column":19}},"loc":{"start":{"line":51,"column":32},"end":{"line":51,"column":59}},"line":51},"10":{"name":"(anonymous_10)","decl":{"start":{"line":58,"column":30},"end":{"line":58,"column":31}},"loc":{"start":{"line":58,"column":36},"end":{"line":60,"column":3}},"line":58}},"branchMap":{"0":{"loc":{"start":{"line":17,"column":21},"end":{"line":17,"column":55}},"type":"binary-expr","locations":[{"start":{"line":17,"column":21},"end":{"line":17,"column":49}},{"start":{"line":17,"column":53},"end":{"line":17,"column":55}}],"line":17},"1":{"loc":{"start":{"line":27,"column":21},"end":{"line":27,"column":55}},"type":"binary-expr","locations":[{"start":{"line":27,"column":21},"end":{"line":27,"column":49}},{"start":{"line":27,"column":53},"end":{"line":27,"column":55}}],"line":27},"2":{"loc":{"start":{"line":37,"column":21},"end":{"line":37,"column":55}},"type":"binary-expr","locations":[{"start":{"line":37,"column":21},"end":{"line":37,"column":49}},{"start":{"line":37,"column":53},"end":{"line":37,"column":55}}],"line":37},"3":{"loc":{"start":{"line":56,"column":0},"end":{"line":61,"column":1}},"type":"if","locations":[{"start":{"line":56,"column":0},"end":{"line":61,"column":1}},{"start":{},"end":{}}],"line":56},"4":{"loc":{"start":{"line":57,"column":15},"end":{"line":57,"column":39}},"type":"binary-expr","locations":[{"start":{"line":57,"column":15},"end":{"line":57,"column":31}},{"start":{"line":57,"column":35},"end":{"line":57,"column":39}}],"line":57}},"s":{"0":1,"1":1,"2":1,"3":1,"4":1,"5":1,"6":3,"7":1,"8":2,"9":1,"10":2,"11":1,"12":1,"13":1,"14":1,"15":1,"16":1,"17":1,"18":1,"19":1,"20":1,"21":1,"22":1,"23":1,"24":1,"25":1,"26":0,"27":0,"28":0,"29":1},"f":{"0":3,"1":2,"2":2,"3":1,"4":1,"5":1,"6":1,"7":1,"8":1,"9":1,"10":0},"b":{"0":[3,3],"1":[2,2],"2":[2,2],"3":[0,1],"4":[0,0]},"_coverageSchema":"1a1c01bbd47fc00a2c39e90264f33305004495a9","hash":"371773f72c06ff5c2ba7afbe2d62840ce2e762b0"}
}
